<?xml version="1.0" encoding="UTF-8"?>
<robot generator="Robot 3.2.2 (Python 3.8.5 on linux)" generated="20201112 14:34:36.157" rpa="false">
<suite id="s1" name="OneOffPurchase" source="/home/maverickcbs/PycharmProjects/pythonProject/TBD/venv/Tests/OneOffPurchase.robot">
<test id="s1-t1" name="User can successfully complete purchase of a one off">
<kw name="Open Browser" library="SeleniumLibrary">
<doc>Opens a new browser instance to the optional ``url``.</doc>
<arguments>
<arg>${Start_URL}</arg>
<arg>${Browser}</arg>
</arguments>
<msg timestamp="20201112 14:34:36.642" level="INFO">Opening browser 'firefox' to base url 'https://thebutchersdog.com.au'.</msg>
<msg timestamp="20201112 14:34:36.644" level="INFO">Firefox driver log is always forced to to: /home/maverickcbs/PycharmProjects/pythonProject/TBD/venv/results/geckodriver-17.log</msg>
<status status="PASS" starttime="20201112 14:34:36.641" endtime="20201112 14:35:01.685"></status>
</kw>
<kw name="Maximize Browser Window" library="SeleniumLibrary">
<doc>Maximizes current browser window.</doc>
<status status="PASS" starttime="20201112 14:35:01.688" endtime="20201112 14:35:02.260"></status>
</kw>
<kw name="Sleep" library="BuiltIn">
<doc>Pauses the test executed for the given time.</doc>
<arguments>
<arg>3s</arg>
</arguments>
<msg timestamp="20201112 14:35:05.262" level="INFO">Slept 3 seconds</msg>
<status status="PASS" starttime="20201112 14:35:02.260" endtime="20201112 14:35:05.262"></status>
</kw>
<kw name="Click Element" library="SeleniumLibrary">
<doc>Click the element identified by ``locator``.</doc>
<arguments>
<arg>${Home_Products_Menu}</arg>
</arguments>
<msg timestamp="20201112 14:35:05.264" level="INFO">Clicking element 'xpath=//*[@id="cus-nav"]'.</msg>
<status status="PASS" starttime="20201112 14:35:05.263" endtime="20201112 14:35:05.783"></status>
</kw>
<kw name="Sleep" library="BuiltIn">
<doc>Pauses the test executed for the given time.</doc>
<arguments>
<arg>1s</arg>
</arguments>
<msg timestamp="20201112 14:35:06.785" level="INFO">Slept 1 second</msg>
<status status="PASS" starttime="20201112 14:35:05.784" endtime="20201112 14:35:06.785"></status>
</kw>
<kw name="Click Element" library="SeleniumLibrary">
<doc>Click the element identified by ``locator``.</doc>
<arguments>
<arg>${Home_Product_Combo_Box}</arg>
</arguments>
<msg timestamp="20201112 14:35:06.788" level="INFO">Clicking element 'xpath=//*[@id="cus-show"]/div/a[1]/div[1]'.</msg>
<status status="PASS" starttime="20201112 14:35:06.786" endtime="20201112 14:35:13.997"></status>
</kw>
<kw name="Sleep" library="BuiltIn">
<doc>Pauses the test executed for the given time.</doc>
<arguments>
<arg>2s</arg>
</arguments>
<msg timestamp="20201112 14:35:15.999" level="INFO">Slept 2 seconds</msg>
<status status="PASS" starttime="20201112 14:35:13.998" endtime="20201112 14:35:16.000"></status>
</kw>
<kw name="Click Element" library="SeleniumLibrary">
<doc>Click the element identified by ``locator``.</doc>
<arguments>
<arg>${Combo_Boxes_Carnivore_Box}</arg>
</arguments>
<msg timestamp="20201112 14:35:16.003" level="INFO">Clicking element 'xpath=/html/body/section[5]/div/div[2]/div[3]/div/div/div/div/a'.</msg>
<status status="PASS" starttime="20201112 14:35:16.001" endtime="20201112 14:35:25.242"></status>
</kw>
<kw name="Sleep" library="BuiltIn">
<doc>Pauses the test executed for the given time.</doc>
<arguments>
<arg>2s</arg>
</arguments>
<msg timestamp="20201112 14:35:27.245" level="INFO">Slept 2 seconds</msg>
<status status="PASS" starttime="20201112 14:35:25.243" endtime="20201112 14:35:27.245"></status>
</kw>
<kw name="Input Text" library="SeleniumLibrary">
<doc>Types the given ``text`` into the text field identified by ``locator``.</doc>
<arguments>
<arg>${Combo_Boxes_Carnivore_Box_Pincode}</arg>
<arg>${Postcode}</arg>
</arguments>
<msg timestamp="20201112 14:35:27.250" level="INFO">Typing text '2017' into text field 'id=pincode_field_id'.</msg>
<status status="PASS" starttime="20201112 14:35:27.248" endtime="20201112 14:35:27.516"></status>
</kw>
<kw name="Sleep" library="BuiltIn">
<doc>Pauses the test executed for the given time.</doc>
<arguments>
<arg>1s</arg>
</arguments>
<msg timestamp="20201112 14:35:28.518" level="INFO">Slept 1 second</msg>
<status status="PASS" starttime="20201112 14:35:27.517" endtime="20201112 14:35:28.518"></status>
</kw>
<kw name="Click Element" library="SeleniumLibrary">
<doc>Click the element identified by ``locator``.</doc>
<arguments>
<arg>${Combo_Boxes_Carnivore_Box_Check_My_Postcode}</arg>
</arguments>
<msg timestamp="20201112 14:35:28.520" level="INFO">Clicking element 'id=checkpin'.</msg>
<status status="PASS" starttime="20201112 14:35:28.519" endtime="20201112 14:35:29.083"></status>
</kw>
<kw name="Sleep" library="BuiltIn">
<doc>Pauses the test executed for the given time.</doc>
<arguments>
<arg>1s</arg>
</arguments>
<msg timestamp="20201112 14:35:30.085" level="INFO">Slept 1 second</msg>
<status status="PASS" starttime="20201112 14:35:29.084" endtime="20201112 14:35:30.086"></status>
</kw>
<kw name="Click Element" library="SeleniumLibrary">
<doc>Click the element identified by ``locator``.</doc>
<arguments>
<arg>${Combo_Boxes_Carnivore_Box_Add_To_Cart}</arg>
</arguments>
<msg timestamp="20201112 14:35:30.089" level="INFO">Clicking element 'class=single_add_to_cart_button'.</msg>
<status status="PASS" starttime="20201112 14:35:30.087" endtime="20201112 14:35:30.669"></status>
</kw>
<kw name="Sleep" library="BuiltIn">
<doc>Pauses the test executed for the given time.</doc>
<arguments>
<arg>3s</arg>
</arguments>
<msg timestamp="20201112 14:35:33.672" level="INFO">Slept 3 seconds</msg>
<status status="PASS" starttime="20201112 14:35:30.671" endtime="20201112 14:35:33.673"></status>
</kw>
<kw name="Sleep" library="BuiltIn">
<doc>Pauses the test executed for the given time.</doc>
<arguments>
<arg>1s</arg>
</arguments>
<msg timestamp="20201112 14:35:34.677" level="INFO">Slept 1 second</msg>
<status status="PASS" starttime="20201112 14:35:33.674" endtime="20201112 14:35:34.677"></status>
</kw>
<kw name="Click Image" library="SeleniumLibrary">
<doc>Clicks an image identified by ``locator``.</doc>
<arguments>
<arg>${Cart_Icon}</arg>
</arguments>
<msg timestamp="20201112 14:35:34.679" level="INFO">Clicking image 'class=woo_amc_container_wrap woo_amc_container_wrap_right woo_amc_show'.</msg>
<kw name="Capture Page Screenshot" library="SeleniumLibrary">
<doc>Takes a screenshot of the current page and embeds it into a log file.</doc>
<msg timestamp="20201112 14:35:35.115" level="INFO" html="yes">&lt;/td&gt;&lt;/tr&gt;&lt;tr&gt;&lt;td colspan="3"&gt;&lt;a href="selenium-screenshot-20.png"&gt;&lt;img src="selenium-screenshot-20.png" width="800px"&gt;&lt;/a&gt;</msg>
<status status="PASS" starttime="20201112 14:35:34.707" endtime="20201112 14:35:35.116"></status>
</kw>
<msg timestamp="20201112 14:35:35.120" level="FAIL">Input with locator 'class=woo_amc_container_wrap woo_amc_container_wrap_right woo_amc_show' not found.</msg>
<status status="FAIL" starttime="20201112 14:35:34.678" endtime="20201112 14:35:35.120"></status>
</kw>
<doc>One off purchase of single or multiple products</doc>
<tags>
<tag>Reg</tag>
</tags>
<status status="FAIL" starttime="20201112 14:34:36.638" endtime="20201112 14:35:35.122" critical="yes">Input with locator 'class=woo_amc_container_wrap woo_amc_container_wrap_right woo_amc_show' not found.</status>
</test>
<doc>This will cover the one of purchase of single or multiple products</doc>
<status status="FAIL" starttime="20201112 14:34:36.161" endtime="20201112 14:35:35.125"></status>
</suite>
<statistics>
<total>
<stat pass="0" fail="1">Critical Tests</stat>
<stat pass="0" fail="1">All Tests</stat>
</total>
<tag>
<stat pass="0" fail="1">Reg</stat>
</tag>
<suite>
<stat pass="0" fail="1" id="s1" name="OneOffPurchase">OneOffPurchase</stat>
</suite>
</statistics>
<errors>
</errors>
</robot>
